[2020-03-18 18:23:33.073] [renderer1] [error] INVALID selection range, must contain the previous range: Error: INVALID selection range, must contain the previous range
	at /usr/share/code/resources/app/out/vs/workbench/services/extensions/node/extensionHostProcess.js:602:58
[2020-03-18 23:16:43.068] [renderer1] [error] TreeError [MarkersView] Tree element not found: [object Object]: Error: TreeError [MarkersView] Tree element not found: [object Object]
    at t.ObjectTreeModel.getElementLocation (file:///usr/share/code/resources/app/out/vs/workbench/workbench.desktop.main.js:128:266)
    at t.ObjectTreeModel.isCollapsed (file:///usr/share/code/resources/app/out/vs/workbench/workbench.desktop.main.js:127:375)
    at H.isCollapsed (file:///usr/share/code/resources/app/out/vs/workbench/workbench.desktop.main.js:1079:430)
    at U.autoReveal (file:///usr/share/code/resources/app/out/vs/workbench/workbench.desktop.main.js:6306:155)
    at U.onActiveEditorChanged (file:///usr/share/code/resources/app/out/vs/workbench/workbench.desktop.main.js:6302:1005)
    at file:///usr/share/code/resources/app/out/vs/workbench/workbench.desktop.main.js:6301:862
    at file:///usr/share/code/resources/app/out/vs/workbench/workbench.desktop.main.js:106:447
    at c.fire (file:///usr/share/code/resources/app/out/vs/workbench/workbench.desktop.main.js:110:24)
    at L.doHandleActiveEditorChangeEvent (file:///usr/share/code/resources/app/out/vs/workbench/workbench.desktop.main.js:5477:648)
    at L.handleActiveEditorChange (file:///usr/share/code/resources/app/out/vs/workbench/workbench.desktop.main.js:5477:446)
    at file:///usr/share/code/resources/app/out/vs/workbench/workbench.desktop.main.js:5476:472
    at c.fire (file:///usr/share/code/resources/app/out/vs/workbench/workbench.desktop.main.js:110:24)
    at e.doSetGroupActive (file:///usr/share/code/resources/app/out/vs/workbench/workbench.desktop.main.js:5629:1001)
    at file:///usr/share/code/resources/app/out/vs/workbench/workbench.desktop.main.js:5629:516
    at c.fire (file:///usr/share/code/resources/app/out/vs/workbench/workbench.desktop.main.js:110:24)
    at file:///usr/share/code/resources/app/out/vs/workbench/workbench.desktop.main.js:5604:944
    at c.fire (file:///usr/share/code/resources/app/out/vs/workbench/workbench.desktop.main.js:110:24)
    at file:///usr/share/code/resources/app/out/vs/workbench/workbench.desktop.main.js:4186:519
    at c.fire (file:///usr/share/code/resources/app/out/vs/workbench/workbench.desktop.main.js:110:24)
    at file:///usr/share/code/resources/app/out/vs/workbench/workbench.desktop.main.js:2865:688
    at c.fire (file:///usr/share/code/resources/app/out/vs/workbench/workbench.desktop.main.js:110:24)
    at o (file:///usr/share/code/resources/app/out/vs/workbench/workbench.desktop.main.js:293:938)
    at c.fire (file:///usr/share/code/resources/app/out/vs/workbench/workbench.desktop.main.js:110:24)
    at HTMLDivElement.s (file:///usr/share/code/resources/app/out/vs/workbench/workbench.desktop.main.js:115:689)
    at HTMLTextAreaElement.focus (<anonymous>)
    at f.setSelectionRange (file:///usr/share/code/resources/app/out/vs/workbench/workbench.desktop.main.js:601:241)
    at o.writeToTextArea (file:///usr/share/code/resources/app/out/vs/workbench/workbench.desktop.main.js:581:936)
    at p._setAndWriteTextAreaState (file:///usr/share/code/resources/app/out/vs/workbench/workbench.desktop.main.js:598:392)
    at p.writeScreenReaderContent (file:///usr/share/code/resources/app/out/vs/workbench/workbench.desktop.main.js:598:522)
    at p._setHasFocus (file:///usr/share/code/resources/app/out/vs/workbench/workbench.desktop.main.js:598:221)
    at p.focusTextArea (file:///usr/share/code/resources/app/out/vs/workbench/workbench.desktop.main.js:597:544)
    at C.focusTextArea (file:///usr/share/code/resources/app/out/vs/workbench/workbench.desktop.main.js:2174:739)
    at z.focus (file:///usr/share/code/resources/app/out/vs/workbench/workbench.desktop.main.js:2200:303)
    at Object.focusTextArea (file:///usr/share/code/resources/app/out/vs/workbench/workbench.desktop.main.js:2195:311)
    at h (file:///usr/share/code/resources/app/out/vs/workbench/workbench.desktop.main.js:2091:732)
    at g._onMouseDown (file:///usr/share/code/resources/app/out/vs/workbench/workbench.desktop.main.js:2091:766)
    at file:///usr/share/code/resources/app/out/vs/workbench/workbench.desktop.main.js:2089:559
    at HTMLDivElement.<anonymous> (file:///usr/share/code/resources/app/out/vs/workbench/workbench.desktop.main.js:564:50)
[2020-03-18 23:28:24.126] [renderer1] [error] TreeError [MarkersView] Tree element not found: [object Object]: Error: TreeError [MarkersView] Tree element not found: [object Object]
    at t.ObjectTreeModel.getElementLocation (file:///usr/share/code/resources/app/out/vs/workbench/workbench.desktop.main.js:128:266)
    at t.ObjectTreeModel.isCollapsed (file:///usr/share/code/resources/app/out/vs/workbench/workbench.desktop.main.js:127:375)
    at H.isCollapsed (file:///usr/share/code/resources/app/out/vs/workbench/workbench.desktop.main.js:1079:430)
    at U.autoReveal (file:///usr/share/code/resources/app/out/vs/workbench/workbench.desktop.main.js:6306:155)
    at U.onActiveEditorChanged (file:///usr/share/code/resources/app/out/vs/workbench/workbench.desktop.main.js:6302:1005)
    at file:///usr/share/code/resources/app/out/vs/workbench/workbench.desktop.main.js:6301:862
    at file:///usr/share/code/resources/app/out/vs/workbench/workbench.desktop.main.js:106:447
    at c.fire (file:///usr/share/code/resources/app/out/vs/workbench/workbench.desktop.main.js:110:24)
    at L.doHandleActiveEditorChangeEvent (file:///usr/share/code/resources/app/out/vs/workbench/workbench.desktop.main.js:5477:648)
    at L.handleActiveEditorChange (file:///usr/share/code/resources/app/out/vs/workbench/workbench.desktop.main.js:5477:446)
    at file:///usr/share/code/resources/app/out/vs/workbench/workbench.desktop.main.js:5476:472
    at c.fire (file:///usr/share/code/resources/app/out/vs/workbench/workbench.desktop.main.js:110:24)
    at e.doSetGroupActive (file:///usr/share/code/resources/app/out/vs/workbench/workbench.desktop.main.js:5629:1001)
    at file:///usr/share/code/resources/app/out/vs/workbench/workbench.desktop.main.js:5629:516
    at c.fire (file:///usr/share/code/resources/app/out/vs/workbench/workbench.desktop.main.js:110:24)
    at file:///usr/share/code/resources/app/out/vs/workbench/workbench.desktop.main.js:5604:944
    at c.fire (file:///usr/share/code/resources/app/out/vs/workbench/workbench.desktop.main.js:110:24)
    at file:///usr/share/code/resources/app/out/vs/workbench/workbench.desktop.main.js:4186:519
    at c.fire (file:///usr/share/code/resources/app/out/vs/workbench/workbench.desktop.main.js:110:24)
    at file:///usr/share/code/resources/app/out/vs/workbench/workbench.desktop.main.js:2865:688
    at c.fire (file:///usr/share/code/resources/app/out/vs/workbench/workbench.desktop.main.js:110:24)
    at o (file:///usr/share/code/resources/app/out/vs/workbench/workbench.desktop.main.js:293:938)
    at c.fire (file:///usr/share/code/resources/app/out/vs/workbench/workbench.desktop.main.js:110:24)
    at HTMLDivElement.s (file:///usr/share/code/resources/app/out/vs/workbench/workbench.desktop.main.js:115:689)
    at HTMLTextAreaElement.focus (<anonymous>)
    at f.setSelectionRange (file:///usr/share/code/resources/app/out/vs/workbench/workbench.desktop.main.js:601:241)
    at o.writeToTextArea (file:///usr/share/code/resources/app/out/vs/workbench/workbench.desktop.main.js:581:936)
    at p._setAndWriteTextAreaState (file:///usr/share/code/resources/app/out/vs/workbench/workbench.desktop.main.js:598:392)
    at p.writeScreenReaderContent (file:///usr/share/code/resources/app/out/vs/workbench/workbench.desktop.main.js:598:522)
    at p._setHasFocus (file:///usr/share/code/resources/app/out/vs/workbench/workbench.desktop.main.js:598:221)
    at p.focusTextArea (file:///usr/share/code/resources/app/out/vs/workbench/workbench.desktop.main.js:597:544)
    at C.focusTextArea (file:///usr/share/code/resources/app/out/vs/workbench/workbench.desktop.main.js:2174:739)
    at z.focus (file:///usr/share/code/resources/app/out/vs/workbench/workbench.desktop.main.js:2200:303)
    at Object.focusTextArea (file:///usr/share/code/resources/app/out/vs/workbench/workbench.desktop.main.js:2195:311)
    at h (file:///usr/share/code/resources/app/out/vs/workbench/workbench.desktop.main.js:2091:732)
    at g._onMouseDown (file:///usr/share/code/resources/app/out/vs/workbench/workbench.desktop.main.js:2091:766)
    at file:///usr/share/code/resources/app/out/vs/workbench/workbench.desktop.main.js:2089:559
    at HTMLDivElement.<anonymous> (file:///usr/share/code/resources/app/out/vs/workbench/workbench.desktop.main.js:564:50)
[2020-03-18 23:28:35.604] [renderer1] [error] TreeError [MarkersView] Tree element not found: [object Object]: Error: TreeError [MarkersView] Tree element not found: [object Object]
    at t.ObjectTreeModel.getElementLocation (file:///usr/share/code/resources/app/out/vs/workbench/workbench.desktop.main.js:128:266)
    at t.ObjectTreeModel.isCollapsed (file:///usr/share/code/resources/app/out/vs/workbench/workbench.desktop.main.js:127:375)
    at H.isCollapsed (file:///usr/share/code/resources/app/out/vs/workbench/workbench.desktop.main.js:1079:430)
    at U.autoReveal (file:///usr/share/code/resources/app/out/vs/workbench/workbench.desktop.main.js:6306:155)
    at U.onActiveEditorChanged (file:///usr/share/code/resources/app/out/vs/workbench/workbench.desktop.main.js:6302:1005)
    at file:///usr/share/code/resources/app/out/vs/workbench/workbench.desktop.main.js:6301:862
    at file:///usr/share/code/resources/app/out/vs/workbench/workbench.desktop.main.js:106:447
    at c.fire (file:///usr/share/code/resources/app/out/vs/workbench/workbench.desktop.main.js:110:24)
    at L.doHandleActiveEditorChangeEvent (file:///usr/share/code/resources/app/out/vs/workbench/workbench.desktop.main.js:5477:648)
    at L.handleActiveEditorChange (file:///usr/share/code/resources/app/out/vs/workbench/workbench.desktop.main.js:5477:446)
    at file:///usr/share/code/resources/app/out/vs/workbench/workbench.desktop.main.js:5476:472
    at c.fire (file:///usr/share/code/resources/app/out/vs/workbench/workbench.desktop.main.js:110:24)
    at e.doSetGroupActive (file:///usr/share/code/resources/app/out/vs/workbench/workbench.desktop.main.js:5629:1001)
    at file:///usr/share/code/resources/app/out/vs/workbench/workbench.desktop.main.js:5629:516
    at c.fire (file:///usr/share/code/resources/app/out/vs/workbench/workbench.desktop.main.js:110:24)
    at file:///usr/share/code/resources/app/out/vs/workbench/workbench.desktop.main.js:5604:944
    at c.fire (file:///usr/share/code/resources/app/out/vs/workbench/workbench.desktop.main.js:110:24)
    at file:///usr/share/code/resources/app/out/vs/workbench/workbench.desktop.main.js:4186:519
    at c.fire (file:///usr/share/code/resources/app/out/vs/workbench/workbench.desktop.main.js:110:24)
    at file:///usr/share/code/resources/app/out/vs/workbench/workbench.desktop.main.js:2865:688
    at c.fire (file:///usr/share/code/resources/app/out/vs/workbench/workbench.desktop.main.js:110:24)
    at o (file:///usr/share/code/resources/app/out/vs/workbench/workbench.desktop.main.js:293:938)
    at c.fire (file:///usr/share/code/resources/app/out/vs/workbench/workbench.desktop.main.js:110:24)
    at HTMLDivElement.s (file:///usr/share/code/resources/app/out/vs/workbench/workbench.desktop.main.js:115:689)
    at HTMLTextAreaElement.focus (<anonymous>)
    at f.setSelectionRange (file:///usr/share/code/resources/app/out/vs/workbench/workbench.desktop.main.js:601:241)
    at o.writeToTextArea (file:///usr/share/code/resources/app/out/vs/workbench/workbench.desktop.main.js:581:936)
    at p._setAndWriteTextAreaState (file:///usr/share/code/resources/app/out/vs/workbench/workbench.desktop.main.js:598:392)
    at p.writeScreenReaderContent (file:///usr/share/code/resources/app/out/vs/workbench/workbench.desktop.main.js:598:522)
    at p._setHasFocus (file:///usr/share/code/resources/app/out/vs/workbench/workbench.desktop.main.js:598:221)
    at p.focusTextArea (file:///usr/share/code/resources/app/out/vs/workbench/workbench.desktop.main.js:597:544)
    at C.focusTextArea (file:///usr/share/code/resources/app/out/vs/workbench/workbench.desktop.main.js:2174:739)
    at z.focus (file:///usr/share/code/resources/app/out/vs/workbench/workbench.desktop.main.js:2200:303)
    at Object.focusTextArea (file:///usr/share/code/resources/app/out/vs/workbench/workbench.desktop.main.js:2195:311)
    at h (file:///usr/share/code/resources/app/out/vs/workbench/workbench.desktop.main.js:2091:732)
    at g._onMouseDown (file:///usr/share/code/resources/app/out/vs/workbench/workbench.desktop.main.js:2091:766)
    at file:///usr/share/code/resources/app/out/vs/workbench/workbench.desktop.main.js:2089:559
    at HTMLDivElement.<anonymous> (file:///usr/share/code/resources/app/out/vs/workbench/workbench.desktop.main.js:564:50)
[2020-03-19 01:36:39.445] [renderer1] [error] TreeError [MarkersView] Tree element not found: [object Object]: Error: TreeError [MarkersView] Tree element not found: [object Object]
    at t.ObjectTreeModel.getElementLocation (file:///usr/share/code/resources/app/out/vs/workbench/workbench.desktop.main.js:128:266)
    at t.ObjectTreeModel.isCollapsed (file:///usr/share/code/resources/app/out/vs/workbench/workbench.desktop.main.js:127:375)
    at H.isCollapsed (file:///usr/share/code/resources/app/out/vs/workbench/workbench.desktop.main.js:1079:430)
    at U.autoReveal (file:///usr/share/code/resources/app/out/vs/workbench/workbench.desktop.main.js:6306:155)
    at U.onActiveEditorChanged (file:///usr/share/code/resources/app/out/vs/workbench/workbench.desktop.main.js:6302:1005)
    at file:///usr/share/code/resources/app/out/vs/workbench/workbench.desktop.main.js:6301:862
    at file:///usr/share/code/resources/app/out/vs/workbench/workbench.desktop.main.js:106:447
    at c.fire (file:///usr/share/code/resources/app/out/vs/workbench/workbench.desktop.main.js:110:24)
    at L.doHandleActiveEditorChangeEvent (file:///usr/share/code/resources/app/out/vs/workbench/workbench.desktop.main.js:5477:648)
    at L.handleActiveEditorChange (file:///usr/share/code/resources/app/out/vs/workbench/workbench.desktop.main.js:5477:446)
    at file:///usr/share/code/resources/app/out/vs/workbench/workbench.desktop.main.js:5476:472
    at c.fire (file:///usr/share/code/resources/app/out/vs/workbench/workbench.desktop.main.js:110:24)
    at e.doSetGroupActive (file:///usr/share/code/resources/app/out/vs/workbench/workbench.desktop.main.js:5629:1001)
    at file:///usr/share/code/resources/app/out/vs/workbench/workbench.desktop.main.js:5629:516
    at c.fire (file:///usr/share/code/resources/app/out/vs/workbench/workbench.desktop.main.js:110:24)
    at file:///usr/share/code/resources/app/out/vs/workbench/workbench.desktop.main.js:5604:944
    at c.fire (file:///usr/share/code/resources/app/out/vs/workbench/workbench.desktop.main.js:110:24)
    at file:///usr/share/code/resources/app/out/vs/workbench/workbench.desktop.main.js:4186:519
    at c.fire (file:///usr/share/code/resources/app/out/vs/workbench/workbench.desktop.main.js:110:24)
    at file:///usr/share/code/resources/app/out/vs/workbench/workbench.desktop.main.js:2865:688
    at c.fire (file:///usr/share/code/resources/app/out/vs/workbench/workbench.desktop.main.js:110:24)
    at o (file:///usr/share/code/resources/app/out/vs/workbench/workbench.desktop.main.js:293:938)
    at c.fire (file:///usr/share/code/resources/app/out/vs/workbench/workbench.desktop.main.js:110:24)
    at HTMLDivElement.s (file:///usr/share/code/resources/app/out/vs/workbench/workbench.desktop.main.js:115:689)
    at HTMLTextAreaElement.focus (<anonymous>)
    at f.setSelectionRange (file:///usr/share/code/resources/app/out/vs/workbench/workbench.desktop.main.js:601:241)
    at o.writeToTextArea (file:///usr/share/code/resources/app/out/vs/workbench/workbench.desktop.main.js:581:936)
    at p._setAndWriteTextAreaState (file:///usr/share/code/resources/app/out/vs/workbench/workbench.desktop.main.js:598:392)
    at p.writeScreenReaderContent (file:///usr/share/code/resources/app/out/vs/workbench/workbench.desktop.main.js:598:522)
    at p._setHasFocus (file:///usr/share/code/resources/app/out/vs/workbench/workbench.desktop.main.js:598:221)
    at p.focusTextArea (file:///usr/share/code/resources/app/out/vs/workbench/workbench.desktop.main.js:597:544)
    at C.focusTextArea (file:///usr/share/code/resources/app/out/vs/workbench/workbench.desktop.main.js:2174:739)
    at z.focus (file:///usr/share/code/resources/app/out/vs/workbench/workbench.desktop.main.js:2200:303)
    at Object.focusTextArea (file:///usr/share/code/resources/app/out/vs/workbench/workbench.desktop.main.js:2195:311)
    at h (file:///usr/share/code/resources/app/out/vs/workbench/workbench.desktop.main.js:2091:732)
    at g._onMouseDown (file:///usr/share/code/resources/app/out/vs/workbench/workbench.desktop.main.js:2091:766)
    at file:///usr/share/code/resources/app/out/vs/workbench/workbench.desktop.main.js:2089:559
    at HTMLDivElement.<anonymous> (file:///usr/share/code/resources/app/out/vs/workbench/workbench.desktop.main.js:564:50)
[2020-03-19 01:55:16.322] [renderer1] [error] TreeError [MarkersView] Tree element not found: [object Object]: Error: TreeError [MarkersView] Tree element not found: [object Object]
    at t.ObjectTreeModel.getElementLocation (file:///usr/share/code/resources/app/out/vs/workbench/workbench.desktop.main.js:128:266)
    at t.ObjectTreeModel.isCollapsed (file:///usr/share/code/resources/app/out/vs/workbench/workbench.desktop.main.js:127:375)
    at H.isCollapsed (file:///usr/share/code/resources/app/out/vs/workbench/workbench.desktop.main.js:1079:430)
    at U.autoReveal (file:///usr/share/code/resources/app/out/vs/workbench/workbench.desktop.main.js:6306:155)
    at U.onActiveEditorChanged (file:///usr/share/code/resources/app/out/vs/workbench/workbench.desktop.main.js:6302:1005)
    at file:///usr/share/code/resources/app/out/vs/workbench/workbench.desktop.main.js:6301:862
    at file:///usr/share/code/resources/app/out/vs/workbench/workbench.desktop.main.js:106:447
    at c.fire (file:///usr/share/code/resources/app/out/vs/workbench/workbench.desktop.main.js:110:24)
    at L.doHandleActiveEditorChangeEvent (file:///usr/share/code/resources/app/out/vs/workbench/workbench.desktop.main.js:5477:648)
    at L.handleActiveEditorChange (file:///usr/share/code/resources/app/out/vs/workbench/workbench.desktop.main.js:5477:446)
    at file:///usr/share/code/resources/app/out/vs/workbench/workbench.desktop.main.js:5476:472
    at c.fire (file:///usr/share/code/resources/app/out/vs/workbench/workbench.desktop.main.js:110:24)
    at e.doSetGroupActive (file:///usr/share/code/resources/app/out/vs/workbench/workbench.desktop.main.js:5629:1001)
    at file:///usr/share/code/resources/app/out/vs/workbench/workbench.desktop.main.js:5629:516
    at c.fire (file:///usr/share/code/resources/app/out/vs/workbench/workbench.desktop.main.js:110:24)
    at file:///usr/share/code/resources/app/out/vs/workbench/workbench.desktop.main.js:5604:944
    at c.fire (file:///usr/share/code/resources/app/out/vs/workbench/workbench.desktop.main.js:110:24)
    at file:///usr/share/code/resources/app/out/vs/workbench/workbench.desktop.main.js:4186:519
    at c.fire (file:///usr/share/code/resources/app/out/vs/workbench/workbench.desktop.main.js:110:24)
    at file:///usr/share/code/resources/app/out/vs/workbench/workbench.desktop.main.js:2865:688
    at c.fire (file:///usr/share/code/resources/app/out/vs/workbench/workbench.desktop.main.js:110:24)
    at o (file:///usr/share/code/resources/app/out/vs/workbench/workbench.desktop.main.js:293:938)
    at c.fire (file:///usr/share/code/resources/app/out/vs/workbench/workbench.desktop.main.js:110:24)
    at HTMLDivElement.s (file:///usr/share/code/resources/app/out/vs/workbench/workbench.desktop.main.js:115:689)
    at HTMLTextAreaElement.focus (<anonymous>)
    at f.setSelectionRange (file:///usr/share/code/resources/app/out/vs/workbench/workbench.desktop.main.js:601:241)
    at o.writeToTextArea (file:///usr/share/code/resources/app/out/vs/workbench/workbench.desktop.main.js:581:936)
    at p._setAndWriteTextAreaState (file:///usr/share/code/resources/app/out/vs/workbench/workbench.desktop.main.js:598:392)
    at p.writeScreenReaderContent (file:///usr/share/code/resources/app/out/vs/workbench/workbench.desktop.main.js:598:522)
    at p._setHasFocus (file:///usr/share/code/resources/app/out/vs/workbench/workbench.desktop.main.js:598:221)
    at p.focusTextArea (file:///usr/share/code/resources/app/out/vs/workbench/workbench.desktop.main.js:597:544)
    at C.focusTextArea (file:///usr/share/code/resources/app/out/vs/workbench/workbench.desktop.main.js:2174:739)
    at z.focus (file:///usr/share/code/resources/app/out/vs/workbench/workbench.desktop.main.js:2200:303)
    at Object.focusTextArea (file:///usr/share/code/resources/app/out/vs/workbench/workbench.desktop.main.js:2195:311)
    at h (file:///usr/share/code/resources/app/out/vs/workbench/workbench.desktop.main.js:2091:732)
    at g._onMouseDown (file:///usr/share/code/resources/app/out/vs/workbench/workbench.desktop.main.js:2091:766)
    at file:///usr/share/code/resources/app/out/vs/workbench/workbench.desktop.main.js:2089:559
    at HTMLDivElement.<anonymous> (file:///usr/share/code/resources/app/out/vs/workbench/workbench.desktop.main.js:564:50)
[2020-03-19 03:03:36.765] [renderer1] [error] TreeError [MarkersView] Tree element not found: [object Object]: Error: TreeError [MarkersView] Tree element not found: [object Object]
    at t.ObjectTreeModel.getElementLocation (file:///usr/share/code/resources/app/out/vs/workbench/workbench.desktop.main.js:128:266)
    at t.ObjectTreeModel.isCollapsed (file:///usr/share/code/resources/app/out/vs/workbench/workbench.desktop.main.js:127:375)
    at H.isCollapsed (file:///usr/share/code/resources/app/out/vs/workbench/workbench.desktop.main.js:1079:430)
    at U.autoReveal (file:///usr/share/code/resources/app/out/vs/workbench/workbench.desktop.main.js:6306:155)
    at U.onActiveEditorChanged (file:///usr/share/code/resources/app/out/vs/workbench/workbench.desktop.main.js:6302:1005)
    at file:///usr/share/code/resources/app/out/vs/workbench/workbench.desktop.main.js:6301:862
    at file:///usr/share/code/resources/app/out/vs/workbench/workbench.desktop.main.js:106:447
    at c.fire (file:///usr/share/code/resources/app/out/vs/workbench/workbench.desktop.main.js:110:24)
    at L.doHandleActiveEditorChangeEvent (file:///usr/share/code/resources/app/out/vs/workbench/workbench.desktop.main.js:5477:648)
    at L.handleActiveEditorChange (file:///usr/share/code/resources/app/out/vs/workbench/workbench.desktop.main.js:5477:446)
    at file:///usr/share/code/resources/app/out/vs/workbench/workbench.desktop.main.js:5476:472
    at c.fire (file:///usr/share/code/resources/app/out/vs/workbench/workbench.desktop.main.js:110:24)
    at e.doSetGroupActive (file:///usr/share/code/resources/app/out/vs/workbench/workbench.desktop.main.js:5629:1001)
    at file:///usr/share/code/resources/app/out/vs/workbench/workbench.desktop.main.js:5629:516
    at c.fire (file:///usr/share/code/resources/app/out/vs/workbench/workbench.desktop.main.js:110:24)
    at file:///usr/share/code/resources/app/out/vs/workbench/workbench.desktop.main.js:5604:944
    at c.fire (file:///usr/share/code/resources/app/out/vs/workbench/workbench.desktop.main.js:110:24)
    at file:///usr/share/code/resources/app/out/vs/workbench/workbench.desktop.main.js:4186:519
    at c.fire (file:///usr/share/code/resources/app/out/vs/workbench/workbench.desktop.main.js:110:24)
    at file:///usr/share/code/resources/app/out/vs/workbench/workbench.desktop.main.js:2865:688
    at c.fire (file:///usr/share/code/resources/app/out/vs/workbench/workbench.desktop.main.js:110:24)
    at o (file:///usr/share/code/resources/app/out/vs/workbench/workbench.desktop.main.js:293:938)
    at c.fire (file:///usr/share/code/resources/app/out/vs/workbench/workbench.desktop.main.js:110:24)
    at HTMLDivElement.s (file:///usr/share/code/resources/app/out/vs/workbench/workbench.desktop.main.js:115:689)
    at HTMLTextAreaElement.focus (<anonymous>)
    at f.setSelectionRange (file:///usr/share/code/resources/app/out/vs/workbench/workbench.desktop.main.js:601:241)
    at o.writeToTextArea (file:///usr/share/code/resources/app/out/vs/workbench/workbench.desktop.main.js:581:936)
    at p._setAndWriteTextAreaState (file:///usr/share/code/resources/app/out/vs/workbench/workbench.desktop.main.js:598:392)
    at p.writeScreenReaderContent (file:///usr/share/code/resources/app/out/vs/workbench/workbench.desktop.main.js:598:522)
    at p._setHasFocus (file:///usr/share/code/resources/app/out/vs/workbench/workbench.desktop.main.js:598:221)
    at p.focusTextArea (file:///usr/share/code/resources/app/out/vs/workbench/workbench.desktop.main.js:597:544)
    at C.focusTextArea (file:///usr/share/code/resources/app/out/vs/workbench/workbench.desktop.main.js:2174:739)
    at z.focus (file:///usr/share/code/resources/app/out/vs/workbench/workbench.desktop.main.js:2200:303)
    at Object.focusTextArea (file:///usr/share/code/resources/app/out/vs/workbench/workbench.desktop.main.js:2195:311)
    at h (file:///usr/share/code/resources/app/out/vs/workbench/workbench.desktop.main.js:2091:732)
    at g._onMouseDown (file:///usr/share/code/resources/app/out/vs/workbench/workbench.desktop.main.js:2091:766)
    at file:///usr/share/code/resources/app/out/vs/workbench/workbench.desktop.main.js:2089:559
    at HTMLDivElement.<anonymous> (file:///usr/share/code/resources/app/out/vs/workbench/workbench.desktop.main.js:564:50)
[2020-03-19 10:47:18.189] [renderer1] [error] TreeError [MarkersView] Tree element not found: [object Object]: Error: TreeError [MarkersView] Tree element not found: [object Object]
    at t.ObjectTreeModel.getElementLocation (file:///usr/share/code/resources/app/out/vs/workbench/workbench.desktop.main.js:128:266)
    at t.ObjectTreeModel.isCollapsed (file:///usr/share/code/resources/app/out/vs/workbench/workbench.desktop.main.js:127:375)
    at H.isCollapsed (file:///usr/share/code/resources/app/out/vs/workbench/workbench.desktop.main.js:1079:430)
    at U.autoReveal (file:///usr/share/code/resources/app/out/vs/workbench/workbench.desktop.main.js:6306:155)
    at U.onActiveEditorChanged (file:///usr/share/code/resources/app/out/vs/workbench/workbench.desktop.main.js:6302:1005)
    at file:///usr/share/code/resources/app/out/vs/workbench/workbench.desktop.main.js:6301:862
    at file:///usr/share/code/resources/app/out/vs/workbench/workbench.desktop.main.js:106:447
    at c.fire (file:///usr/share/code/resources/app/out/vs/workbench/workbench.desktop.main.js:110:24)
    at L.doHandleActiveEditorChangeEvent (file:///usr/share/code/resources/app/out/vs/workbench/workbench.desktop.main.js:5477:648)
    at L.handleActiveEditorChange (file:///usr/share/code/resources/app/out/vs/workbench/workbench.desktop.main.js:5477:446)
    at file:///usr/share/code/resources/app/out/vs/workbench/workbench.desktop.main.js:5476:472
    at c.fire (file:///usr/share/code/resources/app/out/vs/workbench/workbench.desktop.main.js:110:24)
    at e.doSetGroupActive (file:///usr/share/code/resources/app/out/vs/workbench/workbench.desktop.main.js:5629:1001)
    at file:///usr/share/code/resources/app/out/vs/workbench/workbench.desktop.main.js:5629:516
    at c.fire (file:///usr/share/code/resources/app/out/vs/workbench/workbench.desktop.main.js:110:24)
    at file:///usr/share/code/resources/app/out/vs/workbench/workbench.desktop.main.js:5604:944
    at c.fire (file:///usr/share/code/resources/app/out/vs/workbench/workbench.desktop.main.js:110:24)
    at file:///usr/share/code/resources/app/out/vs/workbench/workbench.desktop.main.js:4186:519
    at c.fire (file:///usr/share/code/resources/app/out/vs/workbench/workbench.desktop.main.js:110:24)
    at file:///usr/share/code/resources/app/out/vs/workbench/workbench.desktop.main.js:2865:688
    at c.fire (file:///usr/share/code/resources/app/out/vs/workbench/workbench.desktop.main.js:110:24)
    at o (file:///usr/share/code/resources/app/out/vs/workbench/workbench.desktop.main.js:293:938)
    at c.fire (file:///usr/share/code/resources/app/out/vs/workbench/workbench.desktop.main.js:110:24)
    at HTMLDivElement.s (file:///usr/share/code/resources/app/out/vs/workbench/workbench.desktop.main.js:115:689)
    at HTMLTextAreaElement.focus (<anonymous>)
    at f.setSelectionRange (file:///usr/share/code/resources/app/out/vs/workbench/workbench.desktop.main.js:601:241)
    at o.writeToTextArea (file:///usr/share/code/resources/app/out/vs/workbench/workbench.desktop.main.js:581:936)
    at p._setAndWriteTextAreaState (file:///usr/share/code/resources/app/out/vs/workbench/workbench.desktop.main.js:598:392)
    at p.writeScreenReaderContent (file:///usr/share/code/resources/app/out/vs/workbench/workbench.desktop.main.js:598:522)
    at p._setHasFocus (file:///usr/share/code/resources/app/out/vs/workbench/workbench.desktop.main.js:598:221)
    at p.focusTextArea (file:///usr/share/code/resources/app/out/vs/workbench/workbench.desktop.main.js:597:544)
    at C.focusTextArea (file:///usr/share/code/resources/app/out/vs/workbench/workbench.desktop.main.js:2174:739)
    at z.focus (file:///usr/share/code/resources/app/out/vs/workbench/workbench.desktop.main.js:2200:303)
    at e.focus (file:///usr/share/code/resources/app/out/vs/workbench/workbench.desktop.main.js:2220:147)
    at e._onContextMenu (file:///usr/share/code/resources/app/out/vs/workbench/workbench.desktop.main.js:1909:858)
    at file:///usr/share/code/resources/app/out/vs/workbench/workbench.desktop.main.js:1909:146
    at c.fire (file:///usr/share/code/resources/app/out/vs/workbench/workbench.desktop.main.js:110:24)
    at s.onContextMenu (file:///usr/share/code/resources/app/out/vs/workbench/workbench.desktop.main.js:2226:771)
    at s.emitContextMenu (file:///usr/share/code/resources/app/out/vs/workbench/workbench.desktop.main.js:2105:727)
    at t.ViewController.emitContextMenu (file:///usr/share/code/resources/app/out/vs/workbench/workbench.desktop.main.js:1881:869)
    at g._onContextMenu (file:///usr/share/code/resources/app/out/vs/workbench/workbench.desktop.main.js:2090:876)
    at file:///usr/share/code/resources/app/out/vs/workbench/workbench.desktop.main.js:2089:162
    at HTMLDivElement.<anonymous> (file:///usr/share/code/resources/app/out/vs/workbench/workbench.desktop.main.js:563:875)
[2020-03-19 10:49:13.490] [renderer1] [error] TreeError [MarkersView] Tree element not found: [object Object]: Error: TreeError [MarkersView] Tree element not found: [object Object]
    at t.ObjectTreeModel.getElementLocation (file:///usr/share/code/resources/app/out/vs/workbench/workbench.desktop.main.js:128:266)
    at t.ObjectTreeModel.isCollapsed (file:///usr/share/code/resources/app/out/vs/workbench/workbench.desktop.main.js:127:375)
    at H.isCollapsed (file:///usr/share/code/resources/app/out/vs/workbench/workbench.desktop.main.js:1079:430)
    at U.autoReveal (file:///usr/share/code/resources/app/out/vs/workbench/workbench.desktop.main.js:6306:155)
    at U.onActiveEditorChanged (file:///usr/share/code/resources/app/out/vs/workbench/workbench.desktop.main.js:6302:1005)
    at file:///usr/share/code/resources/app/out/vs/workbench/workbench.desktop.main.js:6301:862
    at file:///usr/share/code/resources/app/out/vs/workbench/workbench.desktop.main.js:106:447
    at c.fire (file:///usr/share/code/resources/app/out/vs/workbench/workbench.desktop.main.js:110:24)
    at L.doHandleActiveEditorChangeEvent (file:///usr/share/code/resources/app/out/vs/workbench/workbench.desktop.main.js:5477:648)
    at L.handleActiveEditorChange (file:///usr/share/code/resources/app/out/vs/workbench/workbench.desktop.main.js:5477:446)
    at file:///usr/share/code/resources/app/out/vs/workbench/workbench.desktop.main.js:5477:758
    at c.fire (file:///usr/share/code/resources/app/out/vs/workbench/workbench.desktop.main.js:110:24)
    at file:///usr/share/code/resources/app/out/vs/workbench/workbench.desktop.main.js:5611:990
    at async e.openEditor (file:///usr/share/code/resources/app/out/vs/workbench/workbench.desktop.main.js:5610:800)
[2020-03-19 13:15:34.039] [renderer1] [error] TreeError [MarkersView] Tree element not found: [object Object]: Error: TreeError [MarkersView] Tree element not found: [object Object]
    at t.ObjectTreeModel.getElementLocation (file:///usr/share/code/resources/app/out/vs/workbench/workbench.desktop.main.js:128:266)
    at t.ObjectTreeModel.isCollapsed (file:///usr/share/code/resources/app/out/vs/workbench/workbench.desktop.main.js:127:375)
    at H.isCollapsed (file:///usr/share/code/resources/app/out/vs/workbench/workbench.desktop.main.js:1079:430)
    at U.autoReveal (file:///usr/share/code/resources/app/out/vs/workbench/workbench.desktop.main.js:6306:155)
    at U.onActiveEditorChanged (file:///usr/share/code/resources/app/out/vs/workbench/workbench.desktop.main.js:6302:1005)
    at file:///usr/share/code/resources/app/out/vs/workbench/workbench.desktop.main.js:6301:862
    at file:///usr/share/code/resources/app/out/vs/workbench/workbench.desktop.main.js:106:447
    at c.fire (file:///usr/share/code/resources/app/out/vs/workbench/workbench.desktop.main.js:110:24)
    at L.doHandleActiveEditorChangeEvent (file:///usr/share/code/resources/app/out/vs/workbench/workbench.desktop.main.js:5477:648)
    at L.handleActiveEditorChange (file:///usr/share/code/resources/app/out/vs/workbench/workbench.desktop.main.js:5477:446)
    at file:///usr/share/code/resources/app/out/vs/workbench/workbench.desktop.main.js:5476:472
    at c.fire (file:///usr/share/code/resources/app/out/vs/workbench/workbench.desktop.main.js:110:24)
    at e.doSetGroupActive (file:///usr/share/code/resources/app/out/vs/workbench/workbench.desktop.main.js:5629:1001)
    at file:///usr/share/code/resources/app/out/vs/workbench/workbench.desktop.main.js:5629:516
    at c.fire (file:///usr/share/code/resources/app/out/vs/workbench/workbench.desktop.main.js:110:24)
    at file:///usr/share/code/resources/app/out/vs/workbench/workbench.desktop.main.js:5604:944
    at c.fire (file:///usr/share/code/resources/app/out/vs/workbench/workbench.desktop.main.js:110:24)
    at file:///usr/share/code/resources/app/out/vs/workbench/workbench.desktop.main.js:4186:519
    at c.fire (file:///usr/share/code/resources/app/out/vs/workbench/workbench.desktop.main.js:110:24)
    at file:///usr/share/code/resources/app/out/vs/workbench/workbench.desktop.main.js:2865:688
    at c.fire (file:///usr/share/code/resources/app/out/vs/workbench/workbench.desktop.main.js:110:24)
    at o (file:///usr/share/code/resources/app/out/vs/workbench/workbench.desktop.main.js:293:938)
    at c.fire (file:///usr/share/code/resources/app/out/vs/workbench/workbench.desktop.main.js:110:24)
    at HTMLDivElement.s (file:///usr/share/code/resources/app/out/vs/workbench/workbench.desktop.main.js:115:689)
    at HTMLTextAreaElement.focus (<anonymous>)
    at f.setSelectionRange (file:///usr/share/code/resources/app/out/vs/workbench/workbench.desktop.main.js:601:241)
    at o.writeToTextArea (file:///usr/share/code/resources/app/out/vs/workbench/workbench.desktop.main.js:581:936)
    at p._setAndWriteTextAreaState (file:///usr/share/code/resources/app/out/vs/workbench/workbench.desktop.main.js:598:392)
    at p.writeScreenReaderContent (file:///usr/share/code/resources/app/out/vs/workbench/workbench.desktop.main.js:598:522)
    at p._setHasFocus (file:///usr/share/code/resources/app/out/vs/workbench/workbench.desktop.main.js:598:221)
    at p.focusTextArea (file:///usr/share/code/resources/app/out/vs/workbench/workbench.desktop.main.js:597:544)
    at C.focusTextArea (file:///usr/share/code/resources/app/out/vs/workbench/workbench.desktop.main.js:2174:739)
    at z.focus (file:///usr/share/code/resources/app/out/vs/workbench/workbench.desktop.main.js:2200:303)
    at Object.focusTextArea (file:///usr/share/code/resources/app/out/vs/workbench/workbench.desktop.main.js:2195:311)
    at h (file:///usr/share/code/resources/app/out/vs/workbench/workbench.desktop.main.js:2091:732)
    at g._onMouseDown (file:///usr/share/code/resources/app/out/vs/workbench/workbench.desktop.main.js:2091:766)
    at file:///usr/share/code/resources/app/out/vs/workbench/workbench.desktop.main.js:2089:559
    at HTMLDivElement.<anonymous> (file:///usr/share/code/resources/app/out/vs/workbench/workbench.desktop.main.js:564:50)
[2020-03-19 13:17:18.360] [renderer1] [error] TreeError [MarkersView] Tree element not found: [object Object]: Error: TreeError [MarkersView] Tree element not found: [object Object]
    at t.ObjectTreeModel.getElementLocation (file:///usr/share/code/resources/app/out/vs/workbench/workbench.desktop.main.js:128:266)
    at t.ObjectTreeModel.isCollapsed (file:///usr/share/code/resources/app/out/vs/workbench/workbench.desktop.main.js:127:375)
    at H.isCollapsed (file:///usr/share/code/resources/app/out/vs/workbench/workbench.desktop.main.js:1079:430)
    at U.autoReveal (file:///usr/share/code/resources/app/out/vs/workbench/workbench.desktop.main.js:6306:155)
    at U.onActiveEditorChanged (file:///usr/share/code/resources/app/out/vs/workbench/workbench.desktop.main.js:6302:1005)
    at file:///usr/share/code/resources/app/out/vs/workbench/workbench.desktop.main.js:6301:862
    at file:///usr/share/code/resources/app/out/vs/workbench/workbench.desktop.main.js:106:447
    at c.fire (file:///usr/share/code/resources/app/out/vs/workbench/workbench.desktop.main.js:110:24)
    at L.doHandleActiveEditorChangeEvent (file:///usr/share/code/resources/app/out/vs/workbench/workbench.desktop.main.js:5477:648)
    at L.handleActiveEditorChange (file:///usr/share/code/resources/app/out/vs/workbench/workbench.desktop.main.js:5477:446)
    at file:///usr/share/code/resources/app/out/vs/workbench/workbench.desktop.main.js:5476:472
    at c.fire (file:///usr/share/code/resources/app/out/vs/workbench/workbench.desktop.main.js:110:24)
    at e.doSetGroupActive (file:///usr/share/code/resources/app/out/vs/workbench/workbench.desktop.main.js:5629:1001)
    at file:///usr/share/code/resources/app/out/vs/workbench/workbench.desktop.main.js:5629:516
    at c.fire (file:///usr/share/code/resources/app/out/vs/workbench/workbench.desktop.main.js:110:24)
    at file:///usr/share/code/resources/app/out/vs/workbench/workbench.desktop.main.js:5604:944
    at c.fire (file:///usr/share/code/resources/app/out/vs/workbench/workbench.desktop.main.js:110:24)
    at file:///usr/share/code/resources/app/out/vs/workbench/workbench.desktop.main.js:4186:519
    at c.fire (file:///usr/share/code/resources/app/out/vs/workbench/workbench.desktop.main.js:110:24)
    at file:///usr/share/code/resources/app/out/vs/workbench/workbench.desktop.main.js:2865:688
    at c.fire (file:///usr/share/code/resources/app/out/vs/workbench/workbench.desktop.main.js:110:24)
    at o (file:///usr/share/code/resources/app/out/vs/workbench/workbench.desktop.main.js:293:938)
    at c.fire (file:///usr/share/code/resources/app/out/vs/workbench/workbench.desktop.main.js:110:24)
    at HTMLDivElement.s (file:///usr/share/code/resources/app/out/vs/workbench/workbench.desktop.main.js:115:689)
    at HTMLTextAreaElement.focus (<anonymous>)
    at f.setSelectionRange (file:///usr/share/code/resources/app/out/vs/workbench/workbench.desktop.main.js:601:241)
    at o.writeToTextArea (file:///usr/share/code/resources/app/out/vs/workbench/workbench.desktop.main.js:581:936)
    at p._setAndWriteTextAreaState (file:///usr/share/code/resources/app/out/vs/workbench/workbench.desktop.main.js:598:392)
    at p.writeScreenReaderContent (file:///usr/share/code/resources/app/out/vs/workbench/workbench.desktop.main.js:598:522)
    at p._setHasFocus (file:///usr/share/code/resources/app/out/vs/workbench/workbench.desktop.main.js:598:221)
    at p.focusTextArea (file:///usr/share/code/resources/app/out/vs/workbench/workbench.desktop.main.js:597:544)
    at C.focusTextArea (file:///usr/share/code/resources/app/out/vs/workbench/workbench.desktop.main.js:2174:739)
    at z.focus (file:///usr/share/code/resources/app/out/vs/workbench/workbench.desktop.main.js:2200:303)
    at Object.focusTextArea (file:///usr/share/code/resources/app/out/vs/workbench/workbench.desktop.main.js:2195:311)
    at h (file:///usr/share/code/resources/app/out/vs/workbench/workbench.desktop.main.js:2091:732)
    at g._onMouseDown (file:///usr/share/code/resources/app/out/vs/workbench/workbench.desktop.main.js:2091:766)
    at file:///usr/share/code/resources/app/out/vs/workbench/workbench.desktop.main.js:2089:559
    at HTMLDivElement.<anonymous> (file:///usr/share/code/resources/app/out/vs/workbench/workbench.desktop.main.js:564:50)
[2020-03-19 13:18:15.968] [renderer1] [error] TreeError [MarkersView] Tree element not found: [object Object]: Error: TreeError [MarkersView] Tree element not found: [object Object]
    at t.ObjectTreeModel.getElementLocation (file:///usr/share/code/resources/app/out/vs/workbench/workbench.desktop.main.js:128:266)
    at t.ObjectTreeModel.isCollapsed (file:///usr/share/code/resources/app/out/vs/workbench/workbench.desktop.main.js:127:375)
    at H.isCollapsed (file:///usr/share/code/resources/app/out/vs/workbench/workbench.desktop.main.js:1079:430)
    at U.autoReveal (file:///usr/share/code/resources/app/out/vs/workbench/workbench.desktop.main.js:6306:155)
    at U.onActiveEditorChanged (file:///usr/share/code/resources/app/out/vs/workbench/workbench.desktop.main.js:6302:1005)
    at file:///usr/share/code/resources/app/out/vs/workbench/workbench.desktop.main.js:6301:862
    at file:///usr/share/code/resources/app/out/vs/workbench/workbench.desktop.main.js:106:447
    at c.fire (file:///usr/share/code/resources/app/out/vs/workbench/workbench.desktop.main.js:110:24)
    at L.doHandleActiveEditorChangeEvent (file:///usr/share/code/resources/app/out/vs/workbench/workbench.desktop.main.js:5477:648)
    at L.handleActiveEditorChange (file:///usr/share/code/resources/app/out/vs/workbench/workbench.desktop.main.js:5477:446)
    at file:///usr/share/code/resources/app/out/vs/workbench/workbench.desktop.main.js:5476:472
    at c.fire (file:///usr/share/code/resources/app/out/vs/workbench/workbench.desktop.main.js:110:24)
    at e.doSetGroupActive (file:///usr/share/code/resources/app/out/vs/workbench/workbench.desktop.main.js:5629:1001)
    at file:///usr/share/code/resources/app/out/vs/workbench/workbench.desktop.main.js:5629:516
    at c.fire (file:///usr/share/code/resources/app/out/vs/workbench/workbench.desktop.main.js:110:24)
    at file:///usr/share/code/resources/app/out/vs/workbench/workbench.desktop.main.js:5604:944
    at c.fire (file:///usr/share/code/resources/app/out/vs/workbench/workbench.desktop.main.js:110:24)
    at file:///usr/share/code/resources/app/out/vs/workbench/workbench.desktop.main.js:4186:519
    at c.fire (file:///usr/share/code/resources/app/out/vs/workbench/workbench.desktop.main.js:110:24)
    at file:///usr/share/code/resources/app/out/vs/workbench/workbench.desktop.main.js:2865:688
    at c.fire (file:///usr/share/code/resources/app/out/vs/workbench/workbench.desktop.main.js:110:24)
    at o (file:///usr/share/code/resources/app/out/vs/workbench/workbench.desktop.main.js:293:938)
    at c.fire (file:///usr/share/code/resources/app/out/vs/workbench/workbench.desktop.main.js:110:24)
    at HTMLDivElement.s (file:///usr/share/code/resources/app/out/vs/workbench/workbench.desktop.main.js:115:689)
    at HTMLTextAreaElement.focus (<anonymous>)
    at f.setSelectionRange (file:///usr/share/code/resources/app/out/vs/workbench/workbench.desktop.main.js:601:241)
    at o.writeToTextArea (file:///usr/share/code/resources/app/out/vs/workbench/workbench.desktop.main.js:581:936)
    at p._setAndWriteTextAreaState (file:///usr/share/code/resources/app/out/vs/workbench/workbench.desktop.main.js:598:392)
    at p.writeScreenReaderContent (file:///usr/share/code/resources/app/out/vs/workbench/workbench.desktop.main.js:598:522)
    at p._setHasFocus (file:///usr/share/code/resources/app/out/vs/workbench/workbench.desktop.main.js:598:221)
    at p.focusTextArea (file:///usr/share/code/resources/app/out/vs/workbench/workbench.desktop.main.js:597:544)
    at C.focusTextArea (file:///usr/share/code/resources/app/out/vs/workbench/workbench.desktop.main.js:2174:739)
    at z.focus (file:///usr/share/code/resources/app/out/vs/workbench/workbench.desktop.main.js:2200:303)
    at Object.focusTextArea (file:///usr/share/code/resources/app/out/vs/workbench/workbench.desktop.main.js:2195:311)
    at h (file:///usr/share/code/resources/app/out/vs/workbench/workbench.desktop.main.js:2091:732)
    at g._onMouseDown (file:///usr/share/code/resources/app/out/vs/workbench/workbench.desktop.main.js:2091:766)
    at file:///usr/share/code/resources/app/out/vs/workbench/workbench.desktop.main.js:2089:559
    at HTMLDivElement.<anonymous> (file:///usr/share/code/resources/app/out/vs/workbench/workbench.desktop.main.js:564:50)
[2020-03-19 13:37:29.487] [renderer1] [error] TreeError [MarkersView] Tree element not found: [object Object]: Error: TreeError [MarkersView] Tree element not found: [object Object]
    at t.ObjectTreeModel.getElementLocation (file:///usr/share/code/resources/app/out/vs/workbench/workbench.desktop.main.js:128:266)
    at t.ObjectTreeModel.isCollapsed (file:///usr/share/code/resources/app/out/vs/workbench/workbench.desktop.main.js:127:375)
    at H.isCollapsed (file:///usr/share/code/resources/app/out/vs/workbench/workbench.desktop.main.js:1079:430)
    at U.autoReveal (file:///usr/share/code/resources/app/out/vs/workbench/workbench.desktop.main.js:6306:155)
    at U.onActiveEditorChanged (file:///usr/share/code/resources/app/out/vs/workbench/workbench.desktop.main.js:6302:1005)
    at file:///usr/share/code/resources/app/out/vs/workbench/workbench.desktop.main.js:6301:862
    at file:///usr/share/code/resources/app/out/vs/workbench/workbench.desktop.main.js:106:447
    at c.fire (file:///usr/share/code/resources/app/out/vs/workbench/workbench.desktop.main.js:110:24)
    at L.doHandleActiveEditorChangeEvent (file:///usr/share/code/resources/app/out/vs/workbench/workbench.desktop.main.js:5477:648)
    at L.handleActiveEditorChange (file:///usr/share/code/resources/app/out/vs/workbench/workbench.desktop.main.js:5477:446)
    at file:///usr/share/code/resources/app/out/vs/workbench/workbench.desktop.main.js:5476:472
    at c.fire (file:///usr/share/code/resources/app/out/vs/workbench/workbench.desktop.main.js:110:24)
    at e.doSetGroupActive (file:///usr/share/code/resources/app/out/vs/workbench/workbench.desktop.main.js:5629:1001)
    at file:///usr/share/code/resources/app/out/vs/workbench/workbench.desktop.main.js:5629:516
    at c.fire (file:///usr/share/code/resources/app/out/vs/workbench/workbench.desktop.main.js:110:24)
    at file:///usr/share/code/resources/app/out/vs/workbench/workbench.desktop.main.js:5604:944
    at c.fire (file:///usr/share/code/resources/app/out/vs/workbench/workbench.desktop.main.js:110:24)
    at file:///usr/share/code/resources/app/out/vs/workbench/workbench.desktop.main.js:4186:519
    at c.fire (file:///usr/share/code/resources/app/out/vs/workbench/workbench.desktop.main.js:110:24)
    at file:///usr/share/code/resources/app/out/vs/workbench/workbench.desktop.main.js:2865:688
    at c.fire (file:///usr/share/code/resources/app/out/vs/workbench/workbench.desktop.main.js:110:24)
    at o (file:///usr/share/code/resources/app/out/vs/workbench/workbench.desktop.main.js:293:938)
    at c.fire (file:///usr/share/code/resources/app/out/vs/workbench/workbench.desktop.main.js:110:24)
    at HTMLDivElement.s (file:///usr/share/code/resources/app/out/vs/workbench/workbench.desktop.main.js:115:689)
    at HTMLTextAreaElement.focus (<anonymous>)
    at f.setSelectionRange (file:///usr/share/code/resources/app/out/vs/workbench/workbench.desktop.main.js:601:241)
    at o.writeToTextArea (file:///usr/share/code/resources/app/out/vs/workbench/workbench.desktop.main.js:581:936)
    at p._setAndWriteTextAreaState (file:///usr/share/code/resources/app/out/vs/workbench/workbench.desktop.main.js:598:392)
    at p.writeScreenReaderContent (file:///usr/share/code/resources/app/out/vs/workbench/workbench.desktop.main.js:598:522)
    at p._setHasFocus (file:///usr/share/code/resources/app/out/vs/workbench/workbench.desktop.main.js:598:221)
    at p.focusTextArea (file:///usr/share/code/resources/app/out/vs/workbench/workbench.desktop.main.js:597:544)
    at C.focusTextArea (file:///usr/share/code/resources/app/out/vs/workbench/workbench.desktop.main.js:2174:739)
    at z.focus (file:///usr/share/code/resources/app/out/vs/workbench/workbench.desktop.main.js:2200:303)
    at Object.focusTextArea (file:///usr/share/code/resources/app/out/vs/workbench/workbench.desktop.main.js:2195:311)
    at h (file:///usr/share/code/resources/app/out/vs/workbench/workbench.desktop.main.js:2091:732)
    at g._onMouseDown (file:///usr/share/code/resources/app/out/vs/workbench/workbench.desktop.main.js:2091:766)
    at file:///usr/share/code/resources/app/out/vs/workbench/workbench.desktop.main.js:2089:559
    at HTMLDivElement.<anonymous> (file:///usr/share/code/resources/app/out/vs/workbench/workbench.desktop.main.js:564:50)
